Build started 11/02/2015 14:29:35.
     1>Project "D:\C++Projects\Year One\Year One Term 3\ExplosionDude\ExplosionDude\ExplosionDude.vcxproj" on node 2 (build target(s)).
     1>InitializeBuildStatus:
         Creating "Release\ExplosionDude.unsuccessfulbuild" because "AlwaysCreate" was specified.
       ClCompile:
         C:\Program Files (x86)\Microsoft Visual Studio 10.0\VC\bin\CL.exe /c /Zi /nologo /W3 /WX- /O2 /Oi /Oy- /GL /D WIN32 /D NDEBUG /D _WINDOWS /D _UNICODE /D UNICODE /Gm- /EHsc /MD /GS /Gy /fp:precise /Zc:wchar_t /Zc:forScope /Fo"Release\\" /Fd"Release\vc100.pdb" /Gd /TP /analyze- /errorReport:prompt BombManager.cpp ButtonManager.cpp LoadState.cpp Main.cpp MenuState.cpp PlayState.cpp Player.cpp
         BombManager.cpp
         ButtonManager.cpp
         LoadState.cpp
         Main.cpp
         MenuState.cpp
         PlayState.cpp
         Player.cpp
       ManifestResourceCompile:
         All outputs are up-to-date.
       Link:
         C:\Program Files (x86)\Microsoft Visual Studio 10.0\VC\bin\link.exe /ERRORREPORT:PROMPT /OUT:"D:\C++Projects\Year One\Year One Term 3\ExplosionDude\Release\ExplosionDude.exe" /INCREMENTAL /NOLOGO SDL.lib sdlmain.lib SDL_image.lib SDL_ttf.lib SDL_mixer.lib kernel32.lib user32.lib gdi32.lib winspool.lib comdlg32.lib advapi32.lib shell32.lib ole32.lib oleaut32.lib uuid.lib odbc32.lib odbccp32.lib /MANIFEST /ManifestFile:"Release\ExplosionDude.exe.intermediate.manifest" /MANIFESTUAC:"level='asInvoker' uiAccess='false'" /DEBUG /PDB:"D:\C++Projects\Year One\Year One Term 3\ExplosionDude\Release\ExplosionDude.pdb" /SUBSYSTEM:WINDOWS /OPT:REF /OPT:ICF /LTCG /TLBID:1 /DYNAMICBASE /NXCOMPAT /IMPLIB:"D:\C++Projects\Year One\Year One Term 3\ExplosionDude\Release\ExplosionDude.lib" /MACHINE:X86 Release\ExplosionDude.exe.embed.manifest.res
         Release\AABB2D.obj
         Release\AudioManager.obj
         Release\Bomb.obj
         Release\BombManager.obj
         Release\Button.obj
         Release\ButtonManager.obj
         Release\DPad.obj
         Release\EventHandler.obj
         Release\EventPoller.obj
         Release\Explosion.obj
         Release\ExplosionManager.obj
         Release\Game.obj
         Release\Image.obj
         Release\LoadState.obj
         Release\Main.obj
         Release\MenuState.obj
         Release\Player.obj
         Release\PlayState.obj
         Release\ScoreManager.obj
         Release\Screen.obj
         Release\Sprite.obj
         Release\SpriteSheet.obj
         Release\TextButton.obj
         Release\TileFunctions.obj
         Release\Timer.obj
         Release\TTFont.obj
         Release\Wall.obj
         Release\WallManager.obj
     1>LINK : warning LNK4075: ignoring '/INCREMENTAL' due to '/LTCG' specification
     1>SDL_image.lib(IMG.obj) : warning LNK4075: ignoring '/EDITANDCONTINUE' due to '/OPT:ICF' specification
            Creating library D:\C++Projects\Year One\Year One Term 3\ExplosionDude\Release\ExplosionDude.lib and object D:\C++Projects\Year One\Year One Term 3\ExplosionDude\Release\ExplosionDude.exp
         Generating code
         Finished generating code
     1>SDL_image.lib(IMG.obj) : warning LNK4099: PDB 'vc100.pdb' was not found with 'SDL_image.lib(IMG.obj)' or at 'D:\C++Projects\Year One\Year One Term 3\ExplosionDude\Release\vc100.pdb'; linking object as if no debug info
     1>SDL_image.lib(IMG_bmp.obj) : warning LNK4099: PDB 'vc100.pdb' was not found with 'SDL_image.lib(IMG_bmp.obj)' or at 'D:\C++Projects\Year One\Year One Term 3\ExplosionDude\Release\vc100.pdb'; linking object as if no debug info
     1>SDL_image.lib(IMG_gif.obj) : warning LNK4099: PDB 'vc100.pdb' was not found with 'SDL_image.lib(IMG_gif.obj)' or at 'D:\C++Projects\Year One\Year One Term 3\ExplosionDude\Release\vc100.pdb'; linking object as if no debug info
     1>SDL_image.lib(IMG_jpg.obj) : warning LNK4099: PDB 'vc100.pdb' was not found with 'SDL_image.lib(IMG_jpg.obj)' or at 'D:\C++Projects\Year One\Year One Term 3\ExplosionDude\Release\vc100.pdb'; linking object as if no debug info
     1>SDL_image.lib(IMG_lbm.obj) : warning LNK4099: PDB 'vc100.pdb' was not found with 'SDL_image.lib(IMG_lbm.obj)' or at 'D:\C++Projects\Year One\Year One Term 3\ExplosionDude\Release\vc100.pdb'; linking object as if no debug info
     1>SDL_image.lib(IMG_pcx.obj) : warning LNK4099: PDB 'vc100.pdb' was not found with 'SDL_image.lib(IMG_pcx.obj)' or at 'D:\C++Projects\Year One\Year One Term 3\ExplosionDude\Release\vc100.pdb'; linking object as if no debug info
     1>SDL_image.lib(IMG_png.obj) : warning LNK4099: PDB 'vc100.pdb' was not found with 'SDL_image.lib(IMG_png.obj)' or at 'D:\C++Projects\Year One\Year One Term 3\ExplosionDude\Release\vc100.pdb'; linking object as if no debug info
     1>SDL_image.lib(IMG_pnm.obj) : warning LNK4099: PDB 'vc100.pdb' was not found with 'SDL_image.lib(IMG_pnm.obj)' or at 'D:\C++Projects\Year One\Year One Term 3\ExplosionDude\Release\vc100.pdb'; linking object as if no debug info
     1>SDL_image.lib(IMG_tga.obj) : warning LNK4099: PDB 'vc100.pdb' was not found with 'SDL_image.lib(IMG_tga.obj)' or at 'D:\C++Projects\Year One\Year One Term 3\ExplosionDude\Release\vc100.pdb'; linking object as if no debug info
     1>SDL_image.lib(IMG_tif.obj) : warning LNK4099: PDB 'vc100.pdb' was not found with 'SDL_image.lib(IMG_tif.obj)' or at 'D:\C++Projects\Year One\Year One Term 3\ExplosionDude\Release\vc100.pdb'; linking object as if no debug info
     1>SDL_image.lib(IMG_webp.obj) : warning LNK4099: PDB 'vc100.pdb' was not found with 'SDL_image.lib(IMG_webp.obj)' or at 'D:\C++Projects\Year One\Year One Term 3\ExplosionDude\Release\vc100.pdb'; linking object as if no debug info
     1>SDL_image.lib(IMG_xcf.obj) : warning LNK4099: PDB 'vc100.pdb' was not found with 'SDL_image.lib(IMG_xcf.obj)' or at 'D:\C++Projects\Year One\Year One Term 3\ExplosionDude\Release\vc100.pdb'; linking object as if no debug info
     1>SDL_image.lib(IMG_xpm.obj) : warning LNK4099: PDB 'vc100.pdb' was not found with 'SDL_image.lib(IMG_xpm.obj)' or at 'D:\C++Projects\Year One\Year One Term 3\ExplosionDude\Release\vc100.pdb'; linking object as if no debug info
     1>SDL_image.lib(IMG_xv.obj) : warning LNK4099: PDB 'vc100.pdb' was not found with 'SDL_image.lib(IMG_xv.obj)' or at 'D:\C++Projects\Year One\Year One Term 3\ExplosionDude\Release\vc100.pdb'; linking object as if no debug info
       Manifest:
         C:\Program Files (x86)\Microsoft SDKs\Windows\v7.0A\bin\mt.exe /nologo /verbose /out:"Release\ExplosionDude.exe.embed.manifest" /manifest Release\ExplosionDude.exe.intermediate.manifest
         All outputs are up-to-date.
       LinkEmbedManifest:
         All outputs are up-to-date.
         ExplosionDude.vcxproj -> D:\C++Projects\Year One\Year One Term 3\ExplosionDude\Release\ExplosionDude.exe
       FinalizeBuildStatus:
         Deleting file "Release\ExplosionDude.unsuccessfulbuild".
         Touching "Release\ExplosionDude.lastbuildstate".
     1>Done Building Project "D:\C++Projects\Year One\Year One Term 3\ExplosionDude\ExplosionDude\ExplosionDude.vcxproj" (build target(s)).

Build succeeded.

Time Elapsed 00:00:06.21
